0 info it worked if it ends with ok
1 verbose cli [ '/usr/bin/node', '/usr/bin/npm', 'install' ]
2 info using npm@1.3.21
3 info using node@v0.10.24
4 verbose node symlink /usr/bin/node
5 warn package.json website@0.0.0 No repository field.
6 verbose readDependencies using package.json deps
7 verbose install where, deps [ '/opt/lampp/htdocs/website',
7 verbose install   [ 'grunt',
7 verbose install     'grunt-contrib-copy',
7 verbose install     'grunt-contrib-concat',
7 verbose install     'grunt-contrib-coffee',
7 verbose install     'grunt-contrib-uglify',
7 verbose install     'grunt-contrib-compass',
7 verbose install     'grunt-contrib-jshint',
7 verbose install     'grunt-contrib-cssmin',
7 verbose install     'grunt-contrib-connect',
7 verbose install     'grunt-contrib-clean',
7 verbose install     'grunt-contrib-htmlmin',
7 verbose install     'grunt-contrib-imagemin',
7 verbose install     'grunt-contrib-watch',
7 verbose install     'grunt-autoprefixer',
7 verbose install     'grunt-usemin',
7 verbose install     'grunt-svgmin',
7 verbose install     'grunt-rev',
7 verbose install     'grunt-concurrent',
7 verbose install     'load-grunt-tasks',
7 verbose install     'grunt-google-cdn',
7 verbose install     'grunt-ngmin',
7 verbose install     'time-grunt' ] ]
8 info preinstall website@0.0.0
9 verbose readDependencies using package.json deps
10 verbose cache add [ 'grunt-contrib-concat@~0.3.0', null ]
11 verbose cache add name=undefined spec="grunt-contrib-concat@~0.3.0" args=["grunt-contrib-concat@~0.3.0",null]
12 verbose parsed url { protocol: null,
12 verbose parsed url   slashes: null,
12 verbose parsed url   auth: null,
12 verbose parsed url   host: null,
12 verbose parsed url   port: null,
12 verbose parsed url   hostname: null,
12 verbose parsed url   hash: null,
12 verbose parsed url   search: null,
12 verbose parsed url   query: null,
12 verbose parsed url   pathname: 'grunt-contrib-concat@~0.3.0',
12 verbose parsed url   path: 'grunt-contrib-concat@~0.3.0',
12 verbose parsed url   href: 'grunt-contrib-concat@~0.3.0' }
13 verbose cache add name="grunt-contrib-concat" spec="~0.3.0" args=["grunt-contrib-concat","~0.3.0"]
14 verbose parsed url { protocol: null,
14 verbose parsed url   slashes: null,
14 verbose parsed url   auth: null,
14 verbose parsed url   host: null,
14 verbose parsed url   port: null,
14 verbose parsed url   hostname: null,
14 verbose parsed url   hash: null,
14 verbose parsed url   search: null,
14 verbose parsed url   query: null,
14 verbose parsed url   pathname: '~0.3.0',
14 verbose parsed url   path: '~0.3.0',
14 verbose parsed url   href: '~0.3.0' }
15 verbose addNamed [ 'grunt-contrib-concat', '~0.3.0' ]
16 verbose addNamed [ null, '>=0.3.0-0 <0.4.0-0' ]
17 silly lockFile 0e44e68e-grunt-contrib-concat-0-3-0 grunt-contrib-concat@~0.3.0
18 verbose lock grunt-contrib-concat@~0.3.0 /home/seba-1511/.npm/0e44e68e-grunt-contrib-concat-0-3-0.lock
19 verbose cache add [ 'grunt-contrib-compass@~0.5.0', null ]
20 verbose cache add name=undefined spec="grunt-contrib-compass@~0.5.0" args=["grunt-contrib-compass@~0.5.0",null]
21 verbose parsed url { protocol: null,
21 verbose parsed url   slashes: null,
21 verbose parsed url   auth: null,
21 verbose parsed url   host: null,
21 verbose parsed url   port: null,
21 verbose parsed url   hostname: null,
21 verbose parsed url   hash: null,
21 verbose parsed url   search: null,
21 verbose parsed url   query: null,
21 verbose parsed url   pathname: 'grunt-contrib-compass@~0.5.0',
21 verbose parsed url   path: 'grunt-contrib-compass@~0.5.0',
21 verbose parsed url   href: 'grunt-contrib-compass@~0.5.0' }
22 verbose cache add name="grunt-contrib-compass" spec="~0.5.0" args=["grunt-contrib-compass","~0.5.0"]
23 verbose parsed url { protocol: null,
23 verbose parsed url   slashes: null,
23 verbose parsed url   auth: null,
23 verbose parsed url   host: null,
23 verbose parsed url   port: null,
23 verbose parsed url   hostname: null,
23 verbose parsed url   hash: null,
23 verbose parsed url   search: null,
23 verbose parsed url   query: null,
23 verbose parsed url   pathname: '~0.5.0',
23 verbose parsed url   path: '~0.5.0',
23 verbose parsed url   href: '~0.5.0' }
24 verbose addNamed [ 'grunt-contrib-compass', '~0.5.0' ]
25 verbose addNamed [ null, '>=0.5.0-0 <0.6.0-0' ]
26 silly lockFile 5f76fad9-grunt-contrib-compass-0-5-0 grunt-contrib-compass@~0.5.0
27 verbose lock grunt-contrib-compass@~0.5.0 /home/seba-1511/.npm/5f76fad9-grunt-contrib-compass-0-5-0.lock
28 verbose cache add [ 'grunt-contrib-coffee@~0.7.0', null ]
29 verbose cache add name=undefined spec="grunt-contrib-coffee@~0.7.0" args=["grunt-contrib-coffee@~0.7.0",null]
30 verbose parsed url { protocol: null,
30 verbose parsed url   slashes: null,
30 verbose parsed url   auth: null,
30 verbose parsed url   host: null,
30 verbose parsed url   port: null,
30 verbose parsed url   hostname: null,
30 verbose parsed url   hash: null,
30 verbose parsed url   search: null,
30 verbose parsed url   query: null,
30 verbose parsed url   pathname: 'grunt-contrib-coffee@~0.7.0',
30 verbose parsed url   path: 'grunt-contrib-coffee@~0.7.0',
30 verbose parsed url   href: 'grunt-contrib-coffee@~0.7.0' }
31 verbose cache add name="grunt-contrib-coffee" spec="~0.7.0" args=["grunt-contrib-coffee","~0.7.0"]
32 verbose parsed url { protocol: null,
32 verbose parsed url   slashes: null,
32 verbose parsed url   auth: null,
32 verbose parsed url   host: null,
32 verbose parsed url   port: null,
32 verbose parsed url   hostname: null,
32 verbose parsed url   hash: null,
32 verbose parsed url   search: null,
32 verbose parsed url   query: null,
32 verbose parsed url   pathname: '~0.7.0',
32 verbose parsed url   path: '~0.7.0',
32 verbose parsed url   href: '~0.7.0' }
33 verbose addNamed [ 'grunt-contrib-coffee', '~0.7.0' ]
34 verbose addNamed [ null, '>=0.7.0-0 <0.8.0-0' ]
35 silly lockFile 2d9311bb-grunt-contrib-coffee-0-7-0 grunt-contrib-coffee@~0.7.0
36 verbose lock grunt-contrib-coffee@~0.7.0 /home/seba-1511/.npm/2d9311bb-grunt-contrib-coffee-0-7-0.lock
37 verbose cache add [ 'grunt-contrib-jshint@~0.6.0', null ]
38 verbose cache add name=undefined spec="grunt-contrib-jshint@~0.6.0" args=["grunt-contrib-jshint@~0.6.0",null]
39 verbose parsed url { protocol: null,
39 verbose parsed url   slashes: null,
39 verbose parsed url   auth: null,
39 verbose parsed url   host: null,
39 verbose parsed url   port: null,
39 verbose parsed url   hostname: null,
39 verbose parsed url   hash: null,
39 verbose parsed url   search: null,
39 verbose parsed url   query: null,
39 verbose parsed url   pathname: 'grunt-contrib-jshint@~0.6.0',
39 verbose parsed url   path: 'grunt-contrib-jshint@~0.6.0',
39 verbose parsed url   href: 'grunt-contrib-jshint@~0.6.0' }
40 verbose cache add name="grunt-contrib-jshint" spec="~0.6.0" args=["grunt-contrib-jshint","~0.6.0"]
41 verbose parsed url { protocol: null,
41 verbose parsed url   slashes: null,
41 verbose parsed url   auth: null,
41 verbose parsed url   host: null,
41 verbose parsed url   port: null,
41 verbose parsed url   hostname: null,
41 verbose parsed url   hash: null,
41 verbose parsed url   search: null,
41 verbose parsed url   query: null,
41 verbose parsed url   pathname: '~0.6.0',
41 verbose parsed url   path: '~0.6.0',
41 verbose parsed url   href: '~0.6.0' }
42 verbose addNamed [ 'grunt-contrib-jshint', '~0.6.0' ]
43 verbose addNamed [ null, '>=0.6.0-0 <0.7.0-0' ]
44 silly lockFile 86a9e453-grunt-contrib-jshint-0-6-0 grunt-contrib-jshint@~0.6.0
45 verbose lock grunt-contrib-jshint@~0.6.0 /home/seba-1511/.npm/86a9e453-grunt-contrib-jshint-0-6-0.lock
46 verbose cache add [ 'grunt-contrib-uglify@~0.2.0', null ]
47 verbose cache add name=undefined spec="grunt-contrib-uglify@~0.2.0" args=["grunt-contrib-uglify@~0.2.0",null]
48 verbose parsed url { protocol: null,
48 verbose parsed url   slashes: null,
48 verbose parsed url   auth: null,
48 verbose parsed url   host: null,
48 verbose parsed url   port: null,
48 verbose parsed url   hostname: null,
48 verbose parsed url   hash: null,
48 verbose parsed url   search: null,
48 verbose parsed url   query: null,
48 verbose parsed url   pathname: 'grunt-contrib-uglify@~0.2.0',
48 verbose parsed url   path: 'grunt-contrib-uglify@~0.2.0',
48 verbose parsed url   href: 'grunt-contrib-uglify@~0.2.0' }
49 verbose cache add name="grunt-contrib-uglify" spec="~0.2.0" args=["grunt-contrib-uglify","~0.2.0"]
50 verbose parsed url { protocol: null,
50 verbose parsed url   slashes: null,
50 verbose parsed url   auth: null,
50 verbose parsed url   host: null,
50 verbose parsed url   port: null,
50 verbose parsed url   hostname: null,
50 verbose parsed url   hash: null,
50 verbose parsed url   search: null,
50 verbose parsed url   query: null,
50 verbose parsed url   pathname: '~0.2.0',
50 verbose parsed url   path: '~0.2.0',
50 verbose parsed url   href: '~0.2.0' }
51 verbose addNamed [ 'grunt-contrib-uglify', '~0.2.0' ]
52 verbose addNamed [ null, '>=0.2.0-0 <0.3.0-0' ]
53 silly lockFile 2cc6dac2-grunt-contrib-uglify-0-2-0 grunt-contrib-uglify@~0.2.0
54 verbose lock grunt-contrib-uglify@~0.2.0 /home/seba-1511/.npm/2cc6dac2-grunt-contrib-uglify-0-2-0.lock
55 verbose cache add [ 'grunt-contrib-cssmin@~0.6.0', null ]
56 verbose cache add name=undefined spec="grunt-contrib-cssmin@~0.6.0" args=["grunt-contrib-cssmin@~0.6.0",null]
57 verbose parsed url { protocol: null,
57 verbose parsed url   slashes: null,
57 verbose parsed url   auth: null,
57 verbose parsed url   host: null,
57 verbose parsed url   port: null,
57 verbose parsed url   hostname: null,
57 verbose parsed url   hash: null,
57 verbose parsed url   search: null,
57 verbose parsed url   query: null,
57 verbose parsed url   pathname: 'grunt-contrib-cssmin@~0.6.0',
57 verbose parsed url   path: 'grunt-contrib-cssmin@~0.6.0',
57 verbose parsed url   href: 'grunt-contrib-cssmin@~0.6.0' }
58 verbose cache add name="grunt-contrib-cssmin" spec="~0.6.0" args=["grunt-contrib-cssmin","~0.6.0"]
59 verbose parsed url { protocol: null,
59 verbose parsed url   slashes: null,
59 verbose parsed url   auth: null,
59 verbose parsed url   host: null,
59 verbose parsed url   port: null,
59 verbose parsed url   hostname: null,
59 verbose parsed url   hash: null,
59 verbose parsed url   search: null,
59 verbose parsed url   query: null,
59 verbose parsed url   pathname: '~0.6.0',
59 verbose parsed url   path: '~0.6.0',
59 verbose parsed url   href: '~0.6.0' }
60 verbose addNamed [ 'grunt-contrib-cssmin', '~0.6.0' ]
61 verbose addNamed [ null, '>=0.6.0-0 <0.7.0-0' ]
62 silly lockFile 681ad0ec-grunt-contrib-cssmin-0-6-0 grunt-contrib-cssmin@~0.6.0
63 verbose lock grunt-contrib-cssmin@~0.6.0 /home/seba-1511/.npm/681ad0ec-grunt-contrib-cssmin-0-6-0.lock
64 verbose cache add [ 'grunt-contrib-connect@~0.5.0', null ]
65 verbose cache add name=undefined spec="grunt-contrib-connect@~0.5.0" args=["grunt-contrib-connect@~0.5.0",null]
66 verbose parsed url { protocol: null,
66 verbose parsed url   slashes: null,
66 verbose parsed url   auth: null,
66 verbose parsed url   host: null,
66 verbose parsed url   port: null,
66 verbose parsed url   hostname: null,
66 verbose parsed url   hash: null,
66 verbose parsed url   search: null,
66 verbose parsed url   query: null,
66 verbose parsed url   pathname: 'grunt-contrib-connect@~0.5.0',
66 verbose parsed url   path: 'grunt-contrib-connect@~0.5.0',
66 verbose parsed url   href: 'grunt-contrib-connect@~0.5.0' }
67 verbose cache add name="grunt-contrib-connect" spec="~0.5.0" args=["grunt-contrib-connect","~0.5.0"]
68 verbose parsed url { protocol: null,
68 verbose parsed url   slashes: null,
68 verbose parsed url   auth: null,
68 verbose parsed url   host: null,
68 verbose parsed url   port: null,
68 verbose parsed url   hostname: null,
68 verbose parsed url   hash: null,
68 verbose parsed url   search: null,
68 verbose parsed url   query: null,
68 verbose parsed url   pathname: '~0.5.0',
68 verbose parsed url   path: '~0.5.0',
68 verbose parsed url   href: '~0.5.0' }
69 verbose addNamed [ 'grunt-contrib-connect', '~0.5.0' ]
70 verbose addNamed [ null, '>=0.5.0-0 <0.6.0-0' ]
71 silly lockFile bc7bae3b-grunt-contrib-connect-0-5-0 grunt-contrib-connect@~0.5.0
72 verbose lock grunt-contrib-connect@~0.5.0 /home/seba-1511/.npm/bc7bae3b-grunt-contrib-connect-0-5-0.lock
73 verbose cache add [ 'grunt-contrib-clean@~0.5.0', null ]
74 verbose cache add name=undefined spec="grunt-contrib-clean@~0.5.0" args=["grunt-contrib-clean@~0.5.0",null]
75 verbose parsed url { protocol: null,
75 verbose parsed url   slashes: null,
75 verbose parsed url   auth: null,
75 verbose parsed url   host: null,
75 verbose parsed url   port: null,
75 verbose parsed url   hostname: null,
75 verbose parsed url   hash: null,
75 verbose parsed url   search: null,
75 verbose parsed url   query: null,
75 verbose parsed url   pathname: 'grunt-contrib-clean@~0.5.0',
75 verbose parsed url   path: 'grunt-contrib-clean@~0.5.0',
75 verbose parsed url   href: 'grunt-contrib-clean@~0.5.0' }
76 verbose cache add name="grunt-contrib-clean" spec="~0.5.0" args=["grunt-contrib-clean","~0.5.0"]
77 verbose parsed url { protocol: null,
77 verbose parsed url   slashes: null,
77 verbose parsed url   auth: null,
77 verbose parsed url   host: null,
77 verbose parsed url   port: null,
77 verbose parsed url   hostname: null,
77 verbose parsed url   hash: null,
77 verbose parsed url   search: null,
77 verbose parsed url   query: null,
77 verbose parsed url   pathname: '~0.5.0',
77 verbose parsed url   path: '~0.5.0',
77 verbose parsed url   href: '~0.5.0' }
78 verbose addNamed [ 'grunt-contrib-clean', '~0.5.0' ]
79 verbose addNamed [ null, '>=0.5.0-0 <0.6.0-0' ]
80 silly lockFile 83f743bc-grunt-contrib-clean-0-5-0 grunt-contrib-clean@~0.5.0
81 verbose lock grunt-contrib-clean@~0.5.0 /home/seba-1511/.npm/83f743bc-grunt-contrib-clean-0-5-0.lock
82 verbose cache add [ 'grunt-contrib-htmlmin@~0.1.3', null ]
83 verbose cache add name=undefined spec="grunt-contrib-htmlmin@~0.1.3" args=["grunt-contrib-htmlmin@~0.1.3",null]
84 verbose parsed url { protocol: null,
84 verbose parsed url   slashes: null,
84 verbose parsed url   auth: null,
84 verbose parsed url   host: null,
84 verbose parsed url   port: null,
84 verbose parsed url   hostname: null,
84 verbose parsed url   hash: null,
84 verbose parsed url   search: null,
84 verbose parsed url   query: null,
84 verbose parsed url   pathname: 'grunt-contrib-htmlmin@~0.1.3',
84 verbose parsed url   path: 'grunt-contrib-htmlmin@~0.1.3',
84 verbose parsed url   href: 'grunt-contrib-htmlmin@~0.1.3' }
85 verbose cache add name="grunt-contrib-htmlmin" spec="~0.1.3" args=["grunt-contrib-htmlmin","~0.1.3"]
86 verbose parsed url { protocol: null,
86 verbose parsed url   slashes: null,
86 verbose parsed url   auth: null,
86 verbose parsed url   host: null,
86 verbose parsed url   port: null,
86 verbose parsed url   hostname: null,
86 verbose parsed url   hash: null,
86 verbose parsed url   search: null,
86 verbose parsed url   query: null,
86 verbose parsed url   pathname: '~0.1.3',
86 verbose parsed url   path: '~0.1.3',
86 verbose parsed url   href: '~0.1.3' }
87 verbose addNamed [ 'grunt-contrib-htmlmin', '~0.1.3' ]
88 verbose addNamed [ null, '>=0.1.3-0 <0.2.0-0' ]
89 silly lockFile 2f1223f9-grunt-contrib-htmlmin-0-1-3 grunt-contrib-htmlmin@~0.1.3
90 verbose lock grunt-contrib-htmlmin@~0.1.3 /home/seba-1511/.npm/2f1223f9-grunt-contrib-htmlmin-0-1-3.lock
91 verbose cache add [ 'grunt-contrib-imagemin@~0.2.0', null ]
92 verbose cache add name=undefined spec="grunt-contrib-imagemin@~0.2.0" args=["grunt-contrib-imagemin@~0.2.0",null]
93 verbose parsed url { protocol: null,
93 verbose parsed url   slashes: null,
93 verbose parsed url   auth: null,
93 verbose parsed url   host: null,
93 verbose parsed url   port: null,
93 verbose parsed url   hostname: null,
93 verbose parsed url   hash: null,
93 verbose parsed url   search: null,
93 verbose parsed url   query: null,
93 verbose parsed url   pathname: 'grunt-contrib-imagemin@~0.2.0',
93 verbose parsed url   path: 'grunt-contrib-imagemin@~0.2.0',
93 verbose parsed url   href: 'grunt-contrib-imagemin@~0.2.0' }
94 verbose cache add name="grunt-contrib-imagemin" spec="~0.2.0" args=["grunt-contrib-imagemin","~0.2.0"]
95 verbose parsed url { protocol: null,
95 verbose parsed url   slashes: null,
95 verbose parsed url   auth: null,
95 verbose parsed url   host: null,
95 verbose parsed url   port: null,
95 verbose parsed url   hostname: null,
95 verbose parsed url   hash: null,
95 verbose parsed url   search: null,
95 verbose parsed url   query: null,
95 verbose parsed url   pathname: '~0.2.0',
95 verbose parsed url   path: '~0.2.0',
95 verbose parsed url   href: '~0.2.0' }
96 verbose addNamed [ 'grunt-contrib-imagemin', '~0.2.0' ]
97 verbose addNamed [ null, '>=0.2.0-0 <0.3.0-0' ]
98 silly lockFile 65f7368c-grunt-contrib-imagemin-0-2-0 grunt-contrib-imagemin@~0.2.0
99 verbose lock grunt-contrib-imagemin@~0.2.0 /home/seba-1511/.npm/65f7368c-grunt-contrib-imagemin-0-2-0.lock
100 verbose cache add [ 'grunt-contrib-watch@~0.5.2', null ]
101 verbose cache add name=undefined spec="grunt-contrib-watch@~0.5.2" args=["grunt-contrib-watch@~0.5.2",null]
102 verbose parsed url { protocol: null,
102 verbose parsed url   slashes: null,
102 verbose parsed url   auth: null,
102 verbose parsed url   host: null,
102 verbose parsed url   port: null,
102 verbose parsed url   hostname: null,
102 verbose parsed url   hash: null,
102 verbose parsed url   search: null,
102 verbose parsed url   query: null,
102 verbose parsed url   pathname: 'grunt-contrib-watch@~0.5.2',
102 verbose parsed url   path: 'grunt-contrib-watch@~0.5.2',
102 verbose parsed url   href: 'grunt-contrib-watch@~0.5.2' }
103 verbose cache add name="grunt-contrib-watch" spec="~0.5.2" args=["grunt-contrib-watch","~0.5.2"]
104 verbose parsed url { protocol: null,
104 verbose parsed url   slashes: null,
104 verbose parsed url   auth: null,
104 verbose parsed url   host: null,
104 verbose parsed url   port: null,
104 verbose parsed url   hostname: null,
104 verbose parsed url   hash: null,
104 verbose parsed url   search: null,
104 verbose parsed url   query: null,
104 verbose parsed url   pathname: '~0.5.2',
104 verbose parsed url   path: '~0.5.2',
104 verbose parsed url   href: '~0.5.2' }
105 verbose addNamed [ 'grunt-contrib-watch', '~0.5.2' ]
106 verbose addNamed [ null, '>=0.5.2-0 <0.6.0-0' ]
107 silly lockFile a6069a13-grunt-contrib-watch-0-5-2 grunt-contrib-watch@~0.5.2
108 verbose lock grunt-contrib-watch@~0.5.2 /home/seba-1511/.npm/a6069a13-grunt-contrib-watch-0-5-2.lock
109 verbose cache add [ 'grunt-autoprefixer@~0.2.0', null ]
110 verbose cache add name=undefined spec="grunt-autoprefixer@~0.2.0" args=["grunt-autoprefixer@~0.2.0",null]
111 verbose parsed url { protocol: null,
111 verbose parsed url   slashes: null,
111 verbose parsed url   auth: null,
111 verbose parsed url   host: null,
111 verbose parsed url   port: null,
111 verbose parsed url   hostname: null,
111 verbose parsed url   hash: null,
111 verbose parsed url   search: null,
111 verbose parsed url   query: null,
111 verbose parsed url   pathname: 'grunt-autoprefixer@~0.2.0',
111 verbose parsed url   path: 'grunt-autoprefixer@~0.2.0',
111 verbose parsed url   href: 'grunt-autoprefixer@~0.2.0' }
112 verbose cache add name="grunt-autoprefixer" spec="~0.2.0" args=["grunt-autoprefixer","~0.2.0"]
113 verbose parsed url { protocol: null,
113 verbose parsed url   slashes: null,
113 verbose parsed url   auth: null,
113 verbose parsed url   host: null,
113 verbose parsed url   port: null,
113 verbose parsed url   hostname: null,
113 verbose parsed url   hash: null,
113 verbose parsed url   search: null,
113 verbose parsed url   query: null,
113 verbose parsed url   pathname: '~0.2.0',
113 verbose parsed url   path: '~0.2.0',
113 verbose parsed url   href: '~0.2.0' }
114 verbose addNamed [ 'grunt-autoprefixer', '~0.2.0' ]
115 verbose addNamed [ null, '>=0.2.0-0 <0.3.0-0' ]
116 silly lockFile 312b1bea-grunt-autoprefixer-0-2-0 grunt-autoprefixer@~0.2.0
117 verbose lock grunt-autoprefixer@~0.2.0 /home/seba-1511/.npm/312b1bea-grunt-autoprefixer-0-2-0.lock
118 verbose cache add [ 'grunt-usemin@~0.1.11', null ]
119 verbose cache add name=undefined spec="grunt-usemin@~0.1.11" args=["grunt-usemin@~0.1.11",null]
120 verbose parsed url { protocol: null,
120 verbose parsed url   slashes: null,
120 verbose parsed url   auth: null,
120 verbose parsed url   host: null,
120 verbose parsed url   port: null,
120 verbose parsed url   hostname: null,
120 verbose parsed url   hash: null,
120 verbose parsed url   search: null,
120 verbose parsed url   query: null,
120 verbose parsed url   pathname: 'grunt-usemin@~0.1.11',
120 verbose parsed url   path: 'grunt-usemin@~0.1.11',
120 verbose parsed url   href: 'grunt-usemin@~0.1.11' }
121 verbose cache add name="grunt-usemin" spec="~0.1.11" args=["grunt-usemin","~0.1.11"]
122 verbose parsed url { protocol: null,
122 verbose parsed url   slashes: null,
122 verbose parsed url   auth: null,
122 verbose parsed url   host: null,
122 verbose parsed url   port: null,
122 verbose parsed url   hostname: null,
122 verbose parsed url   hash: null,
122 verbose parsed url   search: null,
122 verbose parsed url   query: null,
122 verbose parsed url   pathname: '~0.1.11',
122 verbose parsed url   path: '~0.1.11',
122 verbose parsed url   href: '~0.1.11' }
123 verbose addNamed [ 'grunt-usemin', '~0.1.11' ]
124 verbose addNamed [ null, '>=0.1.11-0 <0.2.0-0' ]
125 silly lockFile 55260cee-grunt-usemin-0-1-11 grunt-usemin@~0.1.11
126 verbose lock grunt-usemin@~0.1.11 /home/seba-1511/.npm/55260cee-grunt-usemin-0-1-11.lock
127 verbose cache add [ 'grunt-svgmin@~0.2.0', null ]
128 verbose cache add name=undefined spec="grunt-svgmin@~0.2.0" args=["grunt-svgmin@~0.2.0",null]
129 verbose parsed url { protocol: null,
129 verbose parsed url   slashes: null,
129 verbose parsed url   auth: null,
129 verbose parsed url   host: null,
129 verbose parsed url   port: null,
129 verbose parsed url   hostname: null,
129 verbose parsed url   hash: null,
129 verbose parsed url   search: null,
129 verbose parsed url   query: null,
129 verbose parsed url   pathname: 'grunt-svgmin@~0.2.0',
129 verbose parsed url   path: 'grunt-svgmin@~0.2.0',
129 verbose parsed url   href: 'grunt-svgmin@~0.2.0' }
130 verbose cache add name="grunt-svgmin" spec="~0.2.0" args=["grunt-svgmin","~0.2.0"]
131 verbose parsed url { protocol: null,
131 verbose parsed url   slashes: null,
131 verbose parsed url   auth: null,
131 verbose parsed url   host: null,
131 verbose parsed url   port: null,
131 verbose parsed url   hostname: null,
131 verbose parsed url   hash: null,
131 verbose parsed url   search: null,
131 verbose parsed url   query: null,
131 verbose parsed url   pathname: '~0.2.0',
131 verbose parsed url   path: '~0.2.0',
131 verbose parsed url   href: '~0.2.0' }
132 verbose addNamed [ 'grunt-svgmin', '~0.2.0' ]
133 verbose addNamed [ null, '>=0.2.0-0 <0.3.0-0' ]
134 silly lockFile fefef466-grunt-svgmin-0-2-0 grunt-svgmin@~0.2.0
135 verbose lock grunt-svgmin@~0.2.0 /home/seba-1511/.npm/fefef466-grunt-svgmin-0-2-0.lock
136 verbose cache add [ 'grunt-rev@~0.1.0', null ]
137 verbose cache add name=undefined spec="grunt-rev@~0.1.0" args=["grunt-rev@~0.1.0",null]
138 verbose parsed url { protocol: null,
138 verbose parsed url   slashes: null,
138 verbose parsed url   auth: null,
138 verbose parsed url   host: null,
138 verbose parsed url   port: null,
138 verbose parsed url   hostname: null,
138 verbose parsed url   hash: null,
138 verbose parsed url   search: null,
138 verbose parsed url   query: null,
138 verbose parsed url   pathname: 'grunt-rev@~0.1.0',
138 verbose parsed url   path: 'grunt-rev@~0.1.0',
138 verbose parsed url   href: 'grunt-rev@~0.1.0' }
139 verbose cache add name="grunt-rev" spec="~0.1.0" args=["grunt-rev","~0.1.0"]
140 verbose parsed url { protocol: null,
140 verbose parsed url   slashes: null,
140 verbose parsed url   auth: null,
140 verbose parsed url   host: null,
140 verbose parsed url   port: null,
140 verbose parsed url   hostname: null,
140 verbose parsed url   hash: null,
140 verbose parsed url   search: null,
140 verbose parsed url   query: null,
140 verbose parsed url   pathname: '~0.1.0',
140 verbose parsed url   path: '~0.1.0',
140 verbose parsed url   href: '~0.1.0' }
141 verbose addNamed [ 'grunt-rev', '~0.1.0' ]
142 verbose addNamed [ null, '>=0.1.0-0 <0.2.0-0' ]
143 silly lockFile a3a49760-grunt-rev-0-1-0 grunt-rev@~0.1.0
144 verbose lock grunt-rev@~0.1.0 /home/seba-1511/.npm/a3a49760-grunt-rev-0-1-0.lock
145 verbose cache add [ 'grunt-concurrent@~0.3.0', null ]
146 verbose cache add name=undefined spec="grunt-concurrent@~0.3.0" args=["grunt-concurrent@~0.3.0",null]
147 verbose parsed url { protocol: null,
147 verbose parsed url   slashes: null,
147 verbose parsed url   auth: null,
147 verbose parsed url   host: null,
147 verbose parsed url   port: null,
147 verbose parsed url   hostname: null,
147 verbose parsed url   hash: null,
147 verbose parsed url   search: null,
147 verbose parsed url   query: null,
147 verbose parsed url   pathname: 'grunt-concurrent@~0.3.0',
147 verbose parsed url   path: 'grunt-concurrent@~0.3.0',
147 verbose parsed url   href: 'grunt-concurrent@~0.3.0' }
148 verbose cache add name="grunt-concurrent" spec="~0.3.0" args=["grunt-concurrent","~0.3.0"]
149 verbose parsed url { protocol: null,
149 verbose parsed url   slashes: null,
149 verbose parsed url   auth: null,
149 verbose parsed url   host: null,
149 verbose parsed url   port: null,
149 verbose parsed url   hostname: null,
149 verbose parsed url   hash: null,
149 verbose parsed url   search: null,
149 verbose parsed url   query: null,
149 verbose parsed url   pathname: '~0.3.0',
149 verbose parsed url   path: '~0.3.0',
149 verbose parsed url   href: '~0.3.0' }
150 verbose addNamed [ 'grunt-concurrent', '~0.3.0' ]
151 verbose addNamed [ null, '>=0.3.0-0 <0.4.0-0' ]
152 silly lockFile 339cc45a-grunt-concurrent-0-3-0 grunt-concurrent@~0.3.0
153 verbose lock grunt-concurrent@~0.3.0 /home/seba-1511/.npm/339cc45a-grunt-concurrent-0-3-0.lock
154 verbose cache add [ 'load-grunt-tasks@~0.1.0', null ]
155 verbose cache add name=undefined spec="load-grunt-tasks@~0.1.0" args=["load-grunt-tasks@~0.1.0",null]
156 verbose parsed url { protocol: null,
156 verbose parsed url   slashes: null,
156 verbose parsed url   auth: null,
156 verbose parsed url   host: null,
156 verbose parsed url   port: null,
156 verbose parsed url   hostname: null,
156 verbose parsed url   hash: null,
156 verbose parsed url   search: null,
156 verbose parsed url   query: null,
156 verbose parsed url   pathname: 'load-grunt-tasks@~0.1.0',
156 verbose parsed url   path: 'load-grunt-tasks@~0.1.0',
156 verbose parsed url   href: 'load-grunt-tasks@~0.1.0' }
157 verbose cache add name="load-grunt-tasks" spec="~0.1.0" args=["load-grunt-tasks","~0.1.0"]
158 verbose parsed url { protocol: null,
158 verbose parsed url   slashes: null,
158 verbose parsed url   auth: null,
158 verbose parsed url   host: null,
158 verbose parsed url   port: null,
158 verbose parsed url   hostname: null,
158 verbose parsed url   hash: null,
158 verbose parsed url   search: null,
158 verbose parsed url   query: null,
158 verbose parsed url   pathname: '~0.1.0',
158 verbose parsed url   path: '~0.1.0',
158 verbose parsed url   href: '~0.1.0' }
159 verbose addNamed [ 'load-grunt-tasks', '~0.1.0' ]
160 verbose addNamed [ null, '>=0.1.0-0 <0.2.0-0' ]
161 silly lockFile b165efd2-load-grunt-tasks-0-1-0 load-grunt-tasks@~0.1.0
162 verbose lock load-grunt-tasks@~0.1.0 /home/seba-1511/.npm/b165efd2-load-grunt-tasks-0-1-0.lock
163 silly addNameRange { name: 'grunt-contrib-concat',
163 silly addNameRange   range: '>=0.3.0-0 <0.4.0-0',
163 silly addNameRange   hasData: false }
164 silly addNameRange { name: 'grunt-contrib-compass',
164 silly addNameRange   range: '>=0.5.0-0 <0.6.0-0',
164 silly addNameRange   hasData: false }
165 silly addNameRange { name: 'grunt-contrib-coffee',
165 silly addNameRange   range: '>=0.7.0-0 <0.8.0-0',
165 silly addNameRange   hasData: false }
166 silly addNameRange { name: 'grunt-contrib-jshint',
166 silly addNameRange   range: '>=0.6.0-0 <0.7.0-0',
166 silly addNameRange   hasData: false }
167 silly addNameRange { name: 'grunt-contrib-uglify',
167 silly addNameRange   range: '>=0.2.0-0 <0.3.0-0',
167 silly addNameRange   hasData: false }
168 verbose cache add [ 'grunt-google-cdn@~0.2.0', null ]
169 verbose cache add name=undefined spec="grunt-google-cdn@~0.2.0" args=["grunt-google-cdn@~0.2.0",null]
170 verbose parsed url { protocol: null,
170 verbose parsed url   slashes: null,
170 verbose parsed url   auth: null,
170 verbose parsed url   host: null,
170 verbose parsed url   port: null,
170 verbose parsed url   hostname: null,
170 verbose parsed url   hash: null,
170 verbose parsed url   search: null,
170 verbose parsed url   query: null,
170 verbose parsed url   pathname: 'grunt-google-cdn@~0.2.0',
170 verbose parsed url   path: 'grunt-google-cdn@~0.2.0',
170 verbose parsed url   href: 'grunt-google-cdn@~0.2.0' }
171 verbose cache add name="grunt-google-cdn" spec="~0.2.0" args=["grunt-google-cdn","~0.2.0"]
172 verbose parsed url { protocol: null,
172 verbose parsed url   slashes: null,
172 verbose parsed url   auth: null,
172 verbose parsed url   host: null,
172 verbose parsed url   port: null,
172 verbose parsed url   hostname: null,
172 verbose parsed url   hash: null,
172 verbose parsed url   search: null,
172 verbose parsed url   query: null,
172 verbose parsed url   pathname: '~0.2.0',
172 verbose parsed url   path: '~0.2.0',
172 verbose parsed url   href: '~0.2.0' }
173 verbose addNamed [ 'grunt-google-cdn', '~0.2.0' ]
174 verbose addNamed [ null, '>=0.2.0-0 <0.3.0-0' ]
175 silly lockFile 9c4c1f15-grunt-google-cdn-0-2-0 grunt-google-cdn@~0.2.0
176 verbose lock grunt-google-cdn@~0.2.0 /home/seba-1511/.npm/9c4c1f15-grunt-google-cdn-0-2-0.lock
177 verbose cache add [ 'grunt-ngmin@~0.0.2', null ]
178 verbose cache add name=undefined spec="grunt-ngmin@~0.0.2" args=["grunt-ngmin@~0.0.2",null]
179 verbose parsed url { protocol: null,
179 verbose parsed url   slashes: null,
179 verbose parsed url   auth: null,
179 verbose parsed url   host: null,
179 verbose parsed url   port: null,
179 verbose parsed url   hostname: null,
179 verbose parsed url   hash: null,
179 verbose parsed url   search: null,
179 verbose parsed url   query: null,
179 verbose parsed url   pathname: 'grunt-ngmin@~0.0.2',
179 verbose parsed url   path: 'grunt-ngmin@~0.0.2',
179 verbose parsed url   href: 'grunt-ngmin@~0.0.2' }
180 verbose cache add name="grunt-ngmin" spec="~0.0.2" args=["grunt-ngmin","~0.0.2"]
181 verbose parsed url { protocol: null,
181 verbose parsed url   slashes: null,
181 verbose parsed url   auth: null,
181 verbose parsed url   host: null,
181 verbose parsed url   port: null,
181 verbose parsed url   hostname: null,
181 verbose parsed url   hash: null,
181 verbose parsed url   search: null,
181 verbose parsed url   query: null,
181 verbose parsed url   pathname: '~0.0.2',
181 verbose parsed url   path: '~0.0.2',
181 verbose parsed url   href: '~0.0.2' }
182 verbose addNamed [ 'grunt-ngmin', '~0.0.2' ]
183 verbose addNamed [ null, '>=0.0.2-0 <0.1.0-0' ]
184 silly lockFile 07f9ec83-grunt-ngmin-0-0-2 grunt-ngmin@~0.0.2
185 verbose lock grunt-ngmin@~0.0.2 /home/seba-1511/.npm/07f9ec83-grunt-ngmin-0-0-2.lock
186 verbose cache add [ 'time-grunt@~0.1.0', null ]
187 verbose cache add name=undefined spec="time-grunt@~0.1.0" args=["time-grunt@~0.1.0",null]
188 verbose parsed url { protocol: null,
188 verbose parsed url   slashes: null,
188 verbose parsed url   auth: null,
188 verbose parsed url   host: null,
188 verbose parsed url   port: null,
188 verbose parsed url   hostname: null,
188 verbose parsed url   hash: null,
188 verbose parsed url   search: null,
188 verbose parsed url   query: null,
188 verbose parsed url   pathname: 'time-grunt@~0.1.0',
188 verbose parsed url   path: 'time-grunt@~0.1.0',
188 verbose parsed url   href: 'time-grunt@~0.1.0' }
189 verbose cache add name="time-grunt" spec="~0.1.0" args=["time-grunt","~0.1.0"]
190 verbose parsed url { protocol: null,
190 verbose parsed url   slashes: null,
190 verbose parsed url   auth: null,
190 verbose parsed url   host: null,
190 verbose parsed url   port: null,
190 verbose parsed url   hostname: null,
190 verbose parsed url   hash: null,
190 verbose parsed url   search: null,
190 verbose parsed url   query: null,
190 verbose parsed url   pathname: '~0.1.0',
190 verbose parsed url   path: '~0.1.0',
190 verbose parsed url   href: '~0.1.0' }
191 verbose addNamed [ 'time-grunt', '~0.1.0' ]
192 verbose addNamed [ null, '>=0.1.0-0 <0.2.0-0' ]
193 silly lockFile 6fd5fc5c-time-grunt-0-1-0 time-grunt@~0.1.0
194 verbose lock time-grunt@~0.1.0 /home/seba-1511/.npm/6fd5fc5c-time-grunt-0-1-0.lock
195 verbose cache add [ 'grunt@~0.4.1', null ]
196 verbose cache add name=undefined spec="grunt@~0.4.1" args=["grunt@~0.4.1",null]
197 verbose parsed url { protocol: null,
197 verbose parsed url   slashes: null,
197 verbose parsed url   auth: null,
197 verbose parsed url   host: null,
197 verbose parsed url   port: null,
197 verbose parsed url   hostname: null,
197 verbose parsed url   hash: null,
197 verbose parsed url   search: null,
197 verbose parsed url   query: null,
197 verbose parsed url   pathname: 'grunt@~0.4.1',
197 verbose parsed url   path: 'grunt@~0.4.1',
197 verbose parsed url   href: 'grunt@~0.4.1' }
198 verbose cache add name="grunt" spec="~0.4.1" args=["grunt","~0.4.1"]
199 verbose parsed url { protocol: null,
199 verbose parsed url   slashes: null,
199 verbose parsed url   auth: null,
199 verbose parsed url   host: null,
199 verbose parsed url   port: null,
199 verbose parsed url   hostname: null,
199 verbose parsed url   hash: null,
199 verbose parsed url   search: null,
199 verbose parsed url   query: null,
199 verbose parsed url   pathname: '~0.4.1',
199 verbose parsed url   path: '~0.4.1',
199 verbose parsed url   href: '~0.4.1' }
200 verbose addNamed [ 'grunt', '~0.4.1' ]
201 verbose addNamed [ null, '>=0.4.1-0 <0.5.0-0' ]
202 silly lockFile 766a3bd3-grunt-0-4-1 grunt@~0.4.1
203 verbose lock grunt@~0.4.1 /home/seba-1511/.npm/766a3bd3-grunt-0-4-1.lock
204 verbose cache add [ 'grunt-contrib-copy@~0.4.1', null ]
205 verbose cache add name=undefined spec="grunt-contrib-copy@~0.4.1" args=["grunt-contrib-copy@~0.4.1",null]
206 verbose parsed url { protocol: null,
206 verbose parsed url   slashes: null,
206 verbose parsed url   auth: null,
206 verbose parsed url   host: null,
206 verbose parsed url   port: null,
206 verbose parsed url   hostname: null,
206 verbose parsed url   hash: null,
206 verbose parsed url   search: null,
206 verbose parsed url   query: null,
206 verbose parsed url   pathname: 'grunt-contrib-copy@~0.4.1',
206 verbose parsed url   path: 'grunt-contrib-copy@~0.4.1',
206 verbose parsed url   href: 'grunt-contrib-copy@~0.4.1' }
207 verbose cache add name="grunt-contrib-copy" spec="~0.4.1" args=["grunt-contrib-copy","~0.4.1"]
208 verbose parsed url { protocol: null,
208 verbose parsed url   slashes: null,
208 verbose parsed url   auth: null,
208 verbose parsed url   host: null,
208 verbose parsed url   port: null,
208 verbose parsed url   hostname: null,
208 verbose parsed url   hash: null,
208 verbose parsed url   search: null,
208 verbose parsed url   query: null,
208 verbose parsed url   pathname: '~0.4.1',
208 verbose parsed url   path: '~0.4.1',
208 verbose parsed url   href: '~0.4.1' }
209 verbose addNamed [ 'grunt-contrib-copy', '~0.4.1' ]
210 verbose addNamed [ null, '>=0.4.1-0 <0.5.0-0' ]
211 silly lockFile c84f658a-grunt-contrib-copy-0-4-1 grunt-contrib-copy@~0.4.1
212 verbose lock grunt-contrib-copy@~0.4.1 /home/seba-1511/.npm/c84f658a-grunt-contrib-copy-0-4-1.lock
213 silly addNameRange { name: 'grunt-contrib-cssmin',
213 silly addNameRange   range: '>=0.6.0-0 <0.7.0-0',
213 silly addNameRange   hasData: false }
214 silly addNameRange { name: 'grunt-contrib-connect',
214 silly addNameRange   range: '>=0.5.0-0 <0.6.0-0',
214 silly addNameRange   hasData: false }
215 silly addNameRange { name: 'grunt-contrib-clean',
215 silly addNameRange   range: '>=0.5.0-0 <0.6.0-0',
215 silly addNameRange   hasData: false }
216 silly addNameRange { name: 'grunt-contrib-htmlmin',
216 silly addNameRange   range: '>=0.1.3-0 <0.2.0-0',
216 silly addNameRange   hasData: false }
217 silly addNameRange { name: 'grunt-contrib-imagemin',
217 silly addNameRange   range: '>=0.2.0-0 <0.3.0-0',
217 silly addNameRange   hasData: false }
218 silly addNameRange { name: 'grunt-contrib-watch',
218 silly addNameRange   range: '>=0.5.2-0 <0.6.0-0',
218 silly addNameRange   hasData: false }
219 silly addNameRange { name: 'grunt-autoprefixer',
219 silly addNameRange   range: '>=0.2.0-0 <0.3.0-0',
219 silly addNameRange   hasData: false }
220 silly addNameRange { name: 'grunt-usemin',
220 silly addNameRange   range: '>=0.1.11-0 <0.2.0-0',
220 silly addNameRange   hasData: false }
221 silly addNameRange { name: 'grunt-svgmin',
221 silly addNameRange   range: '>=0.2.0-0 <0.3.0-0',
221 silly addNameRange   hasData: false }
222 silly addNameRange { name: 'grunt-rev',
222 silly addNameRange   range: '>=0.1.0-0 <0.2.0-0',
222 silly addNameRange   hasData: false }
223 silly addNameRange { name: 'grunt-concurrent',
223 silly addNameRange   range: '>=0.3.0-0 <0.4.0-0',
223 silly addNameRange   hasData: false }
224 silly addNameRange { name: 'load-grunt-tasks',
224 silly addNameRange   range: '>=0.1.0-0 <0.2.0-0',
224 silly addNameRange   hasData: false }
225 silly addNameRange { name: 'grunt-google-cdn',
225 silly addNameRange   range: '>=0.2.0-0 <0.3.0-0',
225 silly addNameRange   hasData: false }
226 silly addNameRange { name: 'grunt-ngmin',
226 silly addNameRange   range: '>=0.0.2-0 <0.1.0-0',
226 silly addNameRange   hasData: false }
227 silly addNameRange { name: 'time-grunt',
227 silly addNameRange   range: '>=0.1.0-0 <0.2.0-0',
227 silly addNameRange   hasData: false }
228 silly addNameRange { name: 'grunt', range: '>=0.4.1-0 <0.5.0-0', hasData: false }
229 silly addNameRange { name: 'grunt-contrib-copy',
229 silly addNameRange   range: '>=0.4.1-0 <0.5.0-0',
229 silly addNameRange   hasData: false }
230 verbose url raw grunt-contrib-concat
231 verbose url resolving [ 'https://registry.npmjs.org/', './grunt-contrib-concat' ]
232 verbose url resolved https://registry.npmjs.org/grunt-contrib-concat
233 info trying registry request attempt 1 at 14:34:16
234 verbose etag "AVB2S2DE9IWXPCGNCMD5X3B0Y"
235 http GET https://registry.npmjs.org/grunt-contrib-concat
236 verbose url raw grunt-contrib-coffee
237 verbose url resolving [ 'https://registry.npmjs.org/', './grunt-contrib-coffee' ]
238 verbose url resolved https://registry.npmjs.org/grunt-contrib-coffee
239 info trying registry request attempt 1 at 14:34:16
240 verbose etag "DU0KVYPA6GQV0RZ34QSGUHLO8"
241 http GET https://registry.npmjs.org/grunt-contrib-coffee
242 verbose url raw grunt-contrib-compass
243 verbose url resolving [ 'https://registry.npmjs.org/', './grunt-contrib-compass' ]
244 verbose url resolved https://registry.npmjs.org/grunt-contrib-compass
245 info trying registry request attempt 1 at 14:34:16
246 verbose etag "9FPTSEXYA1IDLCGASC6Z68ZDV"
247 http GET https://registry.npmjs.org/grunt-contrib-compass
248 verbose url raw grunt-contrib-cssmin
249 verbose url resolving [ 'https://registry.npmjs.org/', './grunt-contrib-cssmin' ]
250 verbose url resolved https://registry.npmjs.org/grunt-contrib-cssmin
251 info trying registry request attempt 1 at 14:34:16
252 verbose etag "YPO8I5V2DJ609IKHFJFT1VPC"
253 http GET https://registry.npmjs.org/grunt-contrib-cssmin
254 verbose url raw grunt-contrib-uglify
255 verbose url resolving [ 'https://registry.npmjs.org/', './grunt-contrib-uglify' ]
256 verbose url resolved https://registry.npmjs.org/grunt-contrib-uglify
257 info trying registry request attempt 1 at 14:34:16
258 verbose etag "5Q0Q5NKCNXOQJSSEVSNXLZILJ"
259 http GET https://registry.npmjs.org/grunt-contrib-uglify
260 verbose url raw grunt-contrib-clean
261 verbose url resolving [ 'https://registry.npmjs.org/', './grunt-contrib-clean' ]
262 verbose url resolved https://registry.npmjs.org/grunt-contrib-clean
263 info trying registry request attempt 1 at 14:34:16
264 verbose etag "54N87QUHIGJ6CM6HS5LD31ZKR"
265 http GET https://registry.npmjs.org/grunt-contrib-clean
266 verbose url raw grunt-contrib-connect
267 verbose url resolving [ 'https://registry.npmjs.org/', './grunt-contrib-connect' ]
268 verbose url resolved https://registry.npmjs.org/grunt-contrib-connect
269 info trying registry request attempt 1 at 14:34:16
270 verbose etag "5VFMANUJ4DIPJKUOVRT8QZ3LV"
271 http GET https://registry.npmjs.org/grunt-contrib-connect
272 verbose url raw grunt-contrib-htmlmin
273 verbose url resolving [ 'https://registry.npmjs.org/', './grunt-contrib-htmlmin' ]
274 verbose url resolved https://registry.npmjs.org/grunt-contrib-htmlmin
275 info trying registry request attempt 1 at 14:34:16
276 verbose etag "56C4X1ENPVUBYW0KQQM844LCH"
277 http GET https://registry.npmjs.org/grunt-contrib-htmlmin
278 verbose url raw grunt-contrib-jshint
279 verbose url resolving [ 'https://registry.npmjs.org/', './grunt-contrib-jshint' ]
280 verbose url resolved https://registry.npmjs.org/grunt-contrib-jshint
281 info trying registry request attempt 1 at 14:34:16
282 verbose etag "BYKO6KKUGP83K6PZXACSTU9AJ"
283 http GET https://registry.npmjs.org/grunt-contrib-jshint
284 verbose url raw grunt-contrib-imagemin
285 verbose url resolving [ 'https://registry.npmjs.org/', './grunt-contrib-imagemin' ]
286 verbose url resolved https://registry.npmjs.org/grunt-contrib-imagemin
287 info trying registry request attempt 1 at 14:34:16
288 verbose etag "CW19U2TTH01ZTEE1RV3X32SDI"
289 http GET https://registry.npmjs.org/grunt-contrib-imagemin
290 verbose url raw grunt-autoprefixer
291 verbose url resolving [ 'https://registry.npmjs.org/', './grunt-autoprefixer' ]
292 verbose url resolved https://registry.npmjs.org/grunt-autoprefixer
293 info trying registry request attempt 1 at 14:34:16
294 verbose etag "DC1IPN6IHSF0Q15QG69QTE7P"
295 http GET https://registry.npmjs.org/grunt-autoprefixer
296 verbose url raw grunt-concurrent
297 verbose url resolving [ 'https://registry.npmjs.org/', './grunt-concurrent' ]
298 verbose url resolved https://registry.npmjs.org/grunt-concurrent
299 info trying registry request attempt 1 at 14:34:16
300 verbose etag "D30J3S1KUW3NOFC8BHNQMXU91"
301 http GET https://registry.npmjs.org/grunt-concurrent
302 verbose url raw load-grunt-tasks
303 verbose url resolving [ 'https://registry.npmjs.org/', './load-grunt-tasks' ]
304 verbose url resolved https://registry.npmjs.org/load-grunt-tasks
305 info trying registry request attempt 1 at 14:34:16
306 verbose etag "7HB54QCU12HSR09SPWFR9ULON"
307 http GET https://registry.npmjs.org/load-grunt-tasks
308 verbose url raw grunt-contrib-watch
309 verbose url resolving [ 'https://registry.npmjs.org/', './grunt-contrib-watch' ]
310 verbose url resolved https://registry.npmjs.org/grunt-contrib-watch
311 info trying registry request attempt 1 at 14:34:16
312 verbose etag "1XKCZILIMQOQ05YW7SSCFY7ZT"
313 http GET https://registry.npmjs.org/grunt-contrib-watch
314 verbose url raw grunt-google-cdn
315 verbose url resolving [ 'https://registry.npmjs.org/', './grunt-google-cdn' ]
316 verbose url resolved https://registry.npmjs.org/grunt-google-cdn
317 info trying registry request attempt 1 at 14:34:16
318 verbose etag "8A69K2H833TUHJ58ZSPI5VZVO"
319 http GET https://registry.npmjs.org/grunt-google-cdn
320 verbose url raw grunt-usemin
321 verbose url resolving [ 'https://registry.npmjs.org/', './grunt-usemin' ]
322 verbose url resolved https://registry.npmjs.org/grunt-usemin
323 info trying registry request attempt 1 at 14:34:16
324 verbose etag "1VKWNZCKVGYQKN0AKUI2OQ5WW"
325 http GET https://registry.npmjs.org/grunt-usemin
326 verbose url raw grunt-rev
327 verbose url resolving [ 'https://registry.npmjs.org/', './grunt-rev' ]
328 verbose url resolved https://registry.npmjs.org/grunt-rev
329 info trying registry request attempt 1 at 14:34:16
330 verbose etag "7YRVTNEWV7Y220ORFXPAPJPJL"
331 http GET https://registry.npmjs.org/grunt-rev
332 verbose url raw grunt-svgmin
333 verbose url resolving [ 'https://registry.npmjs.org/', './grunt-svgmin' ]
334 verbose url resolved https://registry.npmjs.org/grunt-svgmin
335 info trying registry request attempt 1 at 14:34:16
336 verbose etag "9IUOQ93YM2UM30GP8A8INX1HT"
337 http GET https://registry.npmjs.org/grunt-svgmin
338 verbose url raw time-grunt
339 verbose url resolving [ 'https://registry.npmjs.org/', './time-grunt' ]
340 verbose url resolved https://registry.npmjs.org/time-grunt
341 info trying registry request attempt 1 at 14:34:16
342 verbose etag "COBCG0LML5OJA3MV7HYE3VFUY"
343 http GET https://registry.npmjs.org/time-grunt
344 verbose url raw grunt-ngmin
345 verbose url resolving [ 'https://registry.npmjs.org/', './grunt-ngmin' ]
346 verbose url resolved https://registry.npmjs.org/grunt-ngmin
347 info trying registry request attempt 1 at 14:34:16
348 verbose etag "ZOX56W6KKDGCM5J2THPA3DS1"
349 http GET https://registry.npmjs.org/grunt-ngmin
350 verbose url raw grunt-contrib-copy
351 verbose url resolving [ 'https://registry.npmjs.org/', './grunt-contrib-copy' ]
352 verbose url resolved https://registry.npmjs.org/grunt-contrib-copy
353 info trying registry request attempt 1 at 14:34:16
354 verbose etag "2LMDHS8BQTS0Q86UPKZVPY0EB"
355 http GET https://registry.npmjs.org/grunt-contrib-copy
356 verbose url raw grunt
357 verbose url resolving [ 'https://registry.npmjs.org/', './grunt' ]
358 verbose url resolved https://registry.npmjs.org/grunt
359 info trying registry request attempt 1 at 14:34:16
360 verbose etag "6JYGZB5W20D0S5N0AZQH40IFA"
361 http GET https://registry.npmjs.org/grunt
362 http 200 https://registry.npmjs.org/grunt-contrib-cssmin
363 silly registry.get cb [ 200,
363 silly registry.get   { date: 'Thu, 09 Jan 2014 13:34:17 GMT',
363 silly registry.get     server: 'CouchDB/1.5.0 (Erlang OTP/R15B03)',
363 silly registry.get     etag: '"CGKQV8HC9LBP9OV69C437D371"',
363 silly registry.get     'content-type': 'application/json',
363 silly registry.get     'content-length': '45854',
363 silly registry.get     'accept-ranges': 'bytes',
363 silly registry.get     via: '1.1 varnish',
363 silly registry.get     age: '29872',
363 silly registry.get     'x-served-by': 'cache-fra1234-FRA',
363 silly registry.get     'x-cache': 'HIT',
363 silly registry.get     'x-cache-hits': '1',
363 silly registry.get     'x-timer': 'S1389274456.957940578,VS0,VE133',
363 silly registry.get     vary: 'Accept',
363 silly registry.get     'keep-alive': 'timeout=10, max=50',
363 silly registry.get     connection: 'Keep-Alive' } ]
364 silly addNameRange number 2 { name: 'grunt-contrib-cssmin',
364 silly addNameRange   range: '>=0.6.0-0 <0.7.0-0',
364 silly addNameRange   hasData: true }
365 silly addNameRange versions [ 'grunt-contrib-cssmin',
365 silly addNameRange   [ '0.4.0',
365 silly addNameRange     '0.4.1',
365 silly addNameRange     '0.4.2',
365 silly addNameRange     '0.5.0',
365 silly addNameRange     '0.6.0',
365 silly addNameRange     '0.6.1',
365 silly addNameRange     '0.6.2',
365 silly addNameRange     '0.7.0' ] ]
366 verbose addNamed [ 'grunt-contrib-cssmin', '0.6.2' ]
367 verbose addNamed [ '0.6.2', '0.6.2' ]
368 silly lockFile 5585f5d7-grunt-contrib-cssmin-0-6-2 grunt-contrib-cssmin@0.6.2
369 verbose lock grunt-contrib-cssmin@0.6.2 /home/seba-1511/.npm/5585f5d7-grunt-contrib-cssmin-0-6-2.lock
370 silly lockFile 5585f5d7-grunt-contrib-cssmin-0-6-2 grunt-contrib-cssmin@0.6.2
371 silly lockFile 5585f5d7-grunt-contrib-cssmin-0-6-2 grunt-contrib-cssmin@0.6.2
372 silly lockFile 681ad0ec-grunt-contrib-cssmin-0-6-0 grunt-contrib-cssmin@~0.6.0
373 silly lockFile 681ad0ec-grunt-contrib-cssmin-0-6-0 grunt-contrib-cssmin@~0.6.0
374 http 200 https://registry.npmjs.org/grunt-contrib-coffee
375 silly registry.get cb [ 200,
375 silly registry.get   { date: 'Thu, 09 Jan 2014 13:34:17 GMT',
375 silly registry.get     server: 'CouchDB/1.5.0 (Erlang OTP/R15B03)',
375 silly registry.get     etag: '"DKOQFLNQDUHYEWDMIEIE9EXCY"',
375 silly registry.get     'content-type': 'application/json',
375 silly registry.get     'content-length': '100654',
375 silly registry.get     'accept-ranges': 'bytes',
375 silly registry.get     via: '1.1 varnish',
375 silly registry.get     age: '12592',
375 silly registry.get     'x-served-by': 'cache-fra1222-FRA',
375 silly registry.get     'x-cache': 'HIT',
375 silly registry.get     'x-cache-hits': '1',
375 silly registry.get     'x-timer': 'S1389274456.914960146,VS0,VE137',
375 silly registry.get     vary: 'Accept',
375 silly registry.get     'keep-alive': 'timeout=10, max=50',
375 silly registry.get     connection: 'Keep-Alive' } ]
376 http 200 https://registry.npmjs.org/grunt-contrib-concat
377 silly registry.get cb [ 200,
377 silly registry.get   { date: 'Thu, 09 Jan 2014 13:34:17 GMT',
377 silly registry.get     server: 'CouchDB/1.5.0 (Erlang OTP/R15B03)',
377 silly registry.get     etag: '"1QEDXHZOJG1ESNYJRQIXWXG8Y"',
377 silly registry.get     'content-type': 'application/json',
377 silly registry.get     'content-length': '88709',
377 silly registry.get     'accept-ranges': 'bytes',
377 silly registry.get     via: '1.1 varnish',
377 silly registry.get     age: '7160',
377 silly registry.get     'x-served-by': 'cache-fra1223-FRA',
377 silly registry.get     'x-cache': 'HIT',
377 silly registry.get     'x-cache-hits': '1',
377 silly registry.get     'x-timer': 'S1389274456.911039829,VS0,VE139',
377 silly registry.get     vary: 'Accept',
377 silly registry.get     'keep-alive': 'timeout=10, max=50',
377 silly registry.get     connection: 'Keep-Alive' } ]
378 silly addNameRange number 2 { name: 'grunt-contrib-coffee',
378 silly addNameRange   range: '>=0.7.0-0 <0.8.0-0',
378 silly addNameRange   hasData: true }
379 silly addNameRange versions [ 'grunt-contrib-coffee',
379 silly addNameRange   [ '0.2.0',
379 silly addNameRange     '0.3.0',
379 silly addNameRange     '0.3.1',
379 silly addNameRange     '0.3.2',
379 silly addNameRange     '0.4.0',
379 silly addNameRange     '0.5.0',
379 silly addNameRange     '0.6.0',
379 silly addNameRange     '0.6.1',
379 silly addNameRange     '0.6.2',
379 silly addNameRange     '0.6.3',
379 silly addNameRange     '0.6.4',
379 silly addNameRange     '0.6.5',
379 silly addNameRange     '0.6.6',
379 silly addNameRange     '0.6.7',
379 silly addNameRange     '0.7.0',
379 silly addNameRange     '0.8.0',
379 silly addNameRange     '0.4.0-rc7' ] ]
380 verbose addNamed [ 'grunt-contrib-coffee', '0.7.0' ]
381 verbose addNamed [ '0.7.0', '0.7.0' ]
382 silly lockFile a82ca7a6-grunt-contrib-coffee-0-7-0 grunt-contrib-coffee@0.7.0
383 verbose lock grunt-contrib-coffee@0.7.0 /home/seba-1511/.npm/a82ca7a6-grunt-contrib-coffee-0-7-0.lock
384 silly addNameRange number 2 { name: 'grunt-contrib-concat',
384 silly addNameRange   range: '>=0.3.0-0 <0.4.0-0',
384 silly addNameRange   hasData: true }
385 silly addNameRange versions [ 'grunt-contrib-concat',
385 silly addNameRange   [ '0.1.0',
385 silly addNameRange     '0.1.1',
385 silly addNameRange     '0.1.2',
385 silly addNameRange     '0.1.3',
385 silly addNameRange     '0.2.0',
385 silly addNameRange     '0.3.0',
385 silly addNameRange     '0.1.2-rc5',
385 silly addNameRange     '0.1.2-rc6' ] ]
386 verbose addNamed [ 'grunt-contrib-concat', '0.3.0' ]
387 verbose addNamed [ '0.3.0', '0.3.0' ]
388 silly lockFile 11d10dc6-grunt-contrib-concat-0-3-0 grunt-contrib-concat@0.3.0
389 verbose lock grunt-contrib-concat@0.3.0 /home/seba-1511/.npm/11d10dc6-grunt-contrib-concat-0-3-0.lock
390 silly lockFile 11d10dc6-grunt-contrib-concat-0-3-0 grunt-contrib-concat@0.3.0
391 silly lockFile 11d10dc6-grunt-contrib-concat-0-3-0 grunt-contrib-concat@0.3.0
392 silly lockFile 0e44e68e-grunt-contrib-concat-0-3-0 grunt-contrib-concat@~0.3.0
393 silly lockFile 0e44e68e-grunt-contrib-concat-0-3-0 grunt-contrib-concat@~0.3.0
394 silly lockFile a82ca7a6-grunt-contrib-coffee-0-7-0 grunt-contrib-coffee@0.7.0
395 silly lockFile a82ca7a6-grunt-contrib-coffee-0-7-0 grunt-contrib-coffee@0.7.0
396 silly lockFile 2d9311bb-grunt-contrib-coffee-0-7-0 grunt-contrib-coffee@~0.7.0
397 silly lockFile 2d9311bb-grunt-contrib-coffee-0-7-0 grunt-contrib-coffee@~0.7.0
398 http 200 https://registry.npmjs.org/grunt-contrib-uglify
399 silly registry.get cb [ 200,
399 silly registry.get   { date: 'Thu, 09 Jan 2014 13:34:17 GMT',
399 silly registry.get     server: 'CouchDB/1.5.0 (Erlang OTP/R15B03)',
399 silly registry.get     etag: '"4Z82U0QM9S3L5YMQ7Y8CN1F79"',
399 silly registry.get     'content-type': 'application/json',
399 silly registry.get     'content-length': '165071',
399 silly registry.get     'accept-ranges': 'bytes',
399 silly registry.get     via: '1.1 varnish',
399 silly registry.get     age: '43264',
399 silly registry.get     'x-served-by': 'cache-fra1226-FRA',
399 silly registry.get     'x-cache': 'HIT',
399 silly registry.get     'x-cache-hits': '1',
399 silly registry.get     'x-timer': 'S1389274456.969100952,VS0,VE137',
399 silly registry.get     vary: 'Accept',
399 silly registry.get     'keep-alive': 'timeout=10, max=50',
399 silly registry.get     connection: 'Keep-Alive' } ]
400 silly addNameRange number 2 { name: 'grunt-contrib-uglify',
400 silly addNameRange   range: '>=0.2.0-0 <0.3.0-0',
400 silly addNameRange   hasData: true }
401 silly addNameRange versions [ 'grunt-contrib-uglify',
401 silly addNameRange   [ '0.1.0',
401 silly addNameRange     '0.1.1',
401 silly addNameRange     '0.1.2',
401 silly addNameRange     '0.2.0',
401 silly addNameRange     '0.2.1',
401 silly addNameRange     '0.2.2',
401 silly addNameRange     '0.2.3',
401 silly addNameRange     '0.2.4',
401 silly addNameRange     '0.2.5',
401 silly addNameRange     '0.2.6',
401 silly addNameRange     '0.2.7',
401 silly addNameRange     '0.1.1-rc5',
401 silly addNameRange     '0.1.1-rc6' ] ]
402 verbose addNamed [ 'grunt-contrib-uglify', '0.2.7' ]
403 verbose addNamed [ '0.2.7', '0.2.7' ]
404 silly lockFile 480328f6-grunt-contrib-uglify-0-2-7 grunt-contrib-uglify@0.2.7
405 verbose lock grunt-contrib-uglify@0.2.7 /home/seba-1511/.npm/480328f6-grunt-contrib-uglify-0-2-7.lock
406 http 200 https://registry.npmjs.org/grunt-contrib-compass
407 silly registry.get cb [ 200,
407 silly registry.get   { date: 'Thu, 09 Jan 2014 13:34:17 GMT',
407 silly registry.get     server: 'CouchDB/1.5.0 (Erlang OTP/R15B03)',
407 silly registry.get     etag: '"72N2NO5X0GDP6FU4D8RXHOSP6"',
407 silly registry.get     'content-type': 'application/json',
407 silly registry.get     'content-length': '142878',
407 silly registry.get     'accept-ranges': 'bytes',
407 silly registry.get     via: '1.1 varnish',
407 silly registry.get     age: '16424',
407 silly registry.get     'x-served-by': 'cache-fra1223-FRA',
407 silly registry.get     'x-cache': 'HIT',
407 silly registry.get     'x-cache-hits': '1',
407 silly registry.get     'x-timer': 'S1389274456.965413809,VS0,VE140',
407 silly registry.get     vary: 'Accept',
407 silly registry.get     'keep-alive': 'timeout=10, max=50',
407 silly registry.get     connection: 'Keep-Alive' } ]
408 silly lockFile 90f282d3-y-grunt-contrib-uglify-0-2-7-tgz https://registry.npmjs.org/grunt-contrib-uglify/-/grunt-contrib-uglify-0.2.7.tgz
409 verbose lock https://registry.npmjs.org/grunt-contrib-uglify/-/grunt-contrib-uglify-0.2.7.tgz /home/seba-1511/.npm/90f282d3-y-grunt-contrib-uglify-0-2-7-tgz.lock
410 verbose addRemoteTarball [ 'https://registry.npmjs.org/grunt-contrib-uglify/-/grunt-contrib-uglify-0.2.7.tgz',
410 verbose addRemoteTarball   'e6bda51e0c40a1459f6cead423c65efd725a1bf7' ]
411 silly lockFile 90f282d3-y-grunt-contrib-uglify-0-2-7-tgz https://registry.npmjs.org/grunt-contrib-uglify/-/grunt-contrib-uglify-0.2.7.tgz
412 silly lockFile 90f282d3-y-grunt-contrib-uglify-0-2-7-tgz https://registry.npmjs.org/grunt-contrib-uglify/-/grunt-contrib-uglify-0.2.7.tgz
413 silly addNameRange number 2 { name: 'grunt-contrib-compass',
413 silly addNameRange   range: '>=0.5.0-0 <0.6.0-0',
413 silly addNameRange   hasData: true }
414 silly addNameRange versions [ 'grunt-contrib-compass',
414 silly addNameRange   [ '0.1.0',
414 silly addNameRange     '0.1.1',
414 silly addNameRange     '0.1.2',
414 silly addNameRange     '0.1.3',
414 silly addNameRange     '0.2.0',
414 silly addNameRange     '0.3.0',
414 silly addNameRange     '0.4.0',
414 silly addNameRange     '0.4.1',
414 silly addNameRange     '0.5.0',
414 silly addNameRange     '0.6.0',
414 silly addNameRange     '0.7.0',
414 silly addNameRange     '0.1.1-rc7',
414 silly addNameRange     '0.1.1-rc8' ] ]
415 verbose addNamed [ 'grunt-contrib-compass', '0.5.0' ]
416 verbose addNamed [ '0.5.0', '0.5.0' ]
417 silly lockFile b13cf9fb-grunt-contrib-compass-0-5-0 grunt-contrib-compass@0.5.0
418 verbose lock grunt-contrib-compass@0.5.0 /home/seba-1511/.npm/b13cf9fb-grunt-contrib-compass-0-5-0.lock
419 silly lockFile 480328f6-grunt-contrib-uglify-0-2-7 grunt-contrib-uglify@0.2.7
420 silly lockFile 480328f6-grunt-contrib-uglify-0-2-7 grunt-contrib-uglify@0.2.7
421 silly lockFile 2cc6dac2-grunt-contrib-uglify-0-2-0 grunt-contrib-uglify@~0.2.0
422 silly lockFile 2cc6dac2-grunt-contrib-uglify-0-2-0 grunt-contrib-uglify@~0.2.0
423 error Error: EACCES, mkdir '/home/seba-1511/tmp/npm-28012-vbH7-Wio'
423 error  { [Error: EACCES, mkdir '/home/seba-1511/tmp/npm-28012-vbH7-Wio']
423 error   errno: 3,
423 error   code: 'EACCES',
423 error   path: '/home/seba-1511/tmp/npm-28012-vbH7-Wio' }
424 error Please try running this command again as root/Administrator.
425 error System Linux 3.5.2-030502-generic
426 error command "/usr/bin/node" "/usr/bin/npm" "install"
427 error cwd /opt/lampp/htdocs/website
428 error node -v v0.10.24
429 error npm -v 1.3.21
430 error path /home/seba-1511/tmp/npm-28012-vbH7-Wio
431 error code EACCES
432 error errno 3
433 error stack Error: EACCES, mkdir '/home/seba-1511/tmp/npm-28012-vbH7-Wio'
434 verbose exit [ 3, true ]
